Sleepy/Library/Bee/Android/Prj/Mono2x/Gradle/unityLibrary/mobilenotifications.androidlib/build/outputs/mapping/release/mapping.txt
# compiler: R8
# compiler_version: 4.0.52
# common_typos_disable
# {"id":"com.android.tools.r8.mapping","version":"2.1"}
# pg_map_id: 5fa6b97
# pg_map_hash: SHA-256 5fa6b9738a8e8bb46ea64d7a64415c75631b18466fd0e43ad2513e84b1ada358
com.unity.androidnotifications.NotificationChannelWrapper -> com.unity.androidnotifications.a:
    long[] vibrationPattern -> c
    java.lang.String id -> a
    int lockscreenVisibility -> d
    int importance -> b
    java.lang.String group -> e
com.unity.androidnotifications.UnityNotificationBackgroundThread -> com.unity.androidnotifications.b:
    java.util.concurrent.LinkedTransferQueue mTasks -> a
    com.unity.androidnotifications.UnityNotificationManager mManager -> c
    java.util.concurrent.ConcurrentHashMap mScheduledNotifications -> b
    int mTasksSinceHousekeeping -> d
    1:1:void com.unity.androidnotifications.UnityNotificationBackgroundThread$CancelAllNotificationsTask.<init>(com.unity.androidnotifications.UnityNotificationBackgroundThread$1):0:0 -> a
    1:1:void enqueueCancelAllNotifications():0 -> a
    2:2:void enqueueCancelAllNotifications():0:0 -> a
    void enqueueCancelNotification(int) -> a
    void enqueueNotification(int,android.app.Notification$Builder,boolean,boolean) -> a
    1:1:void enqueueHousekeeping():0:0 -> b
    1:1:void loadNotifications():0 -> b
    1:1:boolean executeTask(com.unity.androidnotifications.UnityNotificationManager,com.unity.androidnotifications.UnityNotificationBackgroundThread$Task,java.util.concurrent.ConcurrentHashMap):0:0 -> run
    1:1:void run():0 -> run
    2:2:void run():0:0 -> run
    3:3:void enqueueHousekeeping():0:0 -> run
    3:3:void run():0 -> run
    4:4:void run():0:0 -> run
com.unity.androidnotifications.UnityNotificationBackgroundThread$CancelAllNotificationsTask -> com.unity.androidnotifications.b$a:
    boolean run(com.unity.androidnotifications.UnityNotificationManager,java.util.concurrent.ConcurrentHashMap) -> a
com.unity.androidnotifications.UnityNotificationBackgroundThread$CancelNotificationTask -> com.unity.androidnotifications.b$b:
    int notificationId -> a
    boolean run(com.unity.androidnotifications.UnityNotificationManager,java.util.concurrent.ConcurrentHashMap) -> a
com.unity.androidnotifications.UnityNotificationBackgroundThread$HousekeepingTask -> com.unity.androidnotifications.b$c:
    com.unity.androidnotifications.UnityNotificationBackgroundThread thread -> a
    1:1:void com.unity.androidnotifications.UnityNotificationBackgroundThread.performHousekeeping(java.util.Set):0:0 -> a
    1:1:void com.unity.androidnotifications.UnityNotificationBackgroundThread.access$100(com.unity.androidnotifications.UnityNotificationBackgroundThread,java.util.Set):0 -> a
      # {"id":"com.android.tools.r8.rewriteFrame","conditions":["throws(Ljava/lang/NullPointerException;)"],"actions":["removeInnerFrames(1)"]}
    1:1:boolean run(com.unity.androidnotifications.UnityNotificationManager,java.util.concurrent.ConcurrentHashMap):0 -> a
    2:2:void com.unity.androidnotifications.UnityNotificationBackgroundThread.performHousekeeping(java.util.Set):0:0 -> a
    2:2:void com.unity.androidnotifications.UnityNotificationBackgroundThread.access$100(com.unity.androidnotifications.UnityNotificationBackgroundThread,java.util.Set):0 -> a
    2:2:boolean run(com.unity.androidnotifications.UnityNotificationManager,java.util.concurrent.ConcurrentHashMap):0 -> a
com.unity.androidnotifications.UnityNotificationBackgroundThread$ScheduleNotificationTask -> com.unity.androidnotifications.b$d:
    android.app.Notification$Builder notificationBuilder -> b
    boolean isCustomized -> c
    int notificationId -> a
    boolean isNew -> d
    boolean run(com.unity.androidnotifications.UnityNotificationManager,java.util.concurrent.ConcurrentHashMap) -> a
com.unity.androidnotifications.UnityNotificationBackgroundThread$Task -> com.unity.androidnotifications.b$e:
    boolean run(com.unity.androidnotifications.UnityNotificationManager,java.util.concurrent.ConcurrentHashMap) -> a
...
com.unity3d.player.NetworkConnectivity -> a.a:
    int b() -> a
com.unity3d.player.NetworkConnectivityNougat -> a.b:
    int b() -> a
com.unity3d.player.PlatformSupport -> a.c:
    boolean MARSHMALLOW_SUPPORT -> a
    boolean NOUGAT_SUPPORT -> b
com.unity3d.player.T -> a.d:
com.unity3d.player.UnityPlayer -> com.unity3d.player.UnityPlayer:
    int $r8$clinit -> b
    int m_IsNoWindowMode -> a
    1:1:void com.unity3d.player.T.a():0:0 -> <clinit>
    1:1:void <clinit>():0 -> <clinit>
    1:1:void runOnUiThread(java.lang.Runnable):0:0 -> setCharacterLimit
    1:1:void setCharacterLimit(int):0 -> setCharacterLimit
    1:1:void runOnUiThread(java.lang.Runnable):0:0 -> setHideInputField
    1:1:void setHideInputField(boolean):0 -> setHideInputField
    1:1:void runOnUiThread(java.lang.Runnable):0:0 -> setSoftInputStr
    1:1:void setSoftInputStr(java.lang.String):0 -> setSoftInputStr