Sleepy/Library/Bee/Android/Prj/Mono2x/Gradle/unityLibrary/mobilenotifications.androidlib/build/outputs/mapping/release/usage.txt
com.unity.androidnotifications.BuildConfig
com.unity.androidnotifications.UnityNotificationBackgroundThread:
    private static final int TASKS_FOR_HOUSEKEEPING
com.unity.androidnotifications.UnityNotificationManager:
    static final java.lang.String NOTIFICATION_CHANNELS_SHARED_PREFS
    static final java.lang.String NOTIFICATION_CHANNELS_SHARED_PREFS_KEY
    static final java.lang.String NOTIFICATION_IDS_SHARED_PREFS
    static final java.lang.String NOTIFICATION_IDS_SHARED_PREFS_KEY
    private static final int PERMISSION_STATUS_ALLOWED
    private static final int PERMISSION_STATUS_DENIED
    private static final int PERMISSION_STATUS_NOTIFICATIONS_BLOCKED_FOR_APP
    static final java.lang.String TAG_UNITY
com.unity.androidnotifications.UnityNotificationRestartReceiver:
    private static final long EXPIRATION_TRESHOLD
com.unity.androidnotifications.UnityNotificationUtilities:
    private static final int INTENT_SERIALIZATION_VERSION
    private static final int NOTIFICATION_SERIALIZATION_VERSION
    static final java.lang.String SAVED_NOTIFICATION_FALLBACK_KEY
    static final java.lang.String SAVED_NOTIFICATION_PRIMARY_KEY
com.unity.androidnotifications.NotificationChannelWrapper:
    public boolean canBypassDnd
    public boolean canShowBadge
    public java.lang.String description
    public boolean enableLights
    public boolean enableVibration
    public java.lang.String name
com.unity.androidnotifications.UnityNotificationBackgroundThread$1
com.unity.androidnotifications.UnityNotificationBackgroundThread:
    public final void enqueueHousekeeping()
    public static boolean executeTask()
    public static void performHousekeeping()
com.unity.androidnotifications.UnityNotificationManager:
    public final android.content.Intent buildNotificationIntent()
    public final boolean canScheduleExactAlarms(android.app.AlarmManager)
    public final android.app.Notification$Builder deserializeNotificationBuilder(java.lang.Integer)
    public static void finalizeNotificationForDisplay()
    public static java.util.Set findInvalidNotificationIds()
    public static int generateUniqueId()
    public static android.app.PendingIntent getActivityPendingIntent()
    public final android.os.Bundle getAppMetadata()
    public final android.os.Parcelable getIcon(java.lang.String)
    public static java.lang.Object getIconForUri(java.lang.String)
    public final android.os.Parcelable getIconFromResources(java.lang.String,boolean)
    public static java.lang.Object getNotificationOrBuilderForIntent()
    public static java.lang.Object getNotificationOrIdForIntent(android.content.Intent)
    public static java.lang.String getSharedPrefsNameByChannelId(java.lang.String)
    public static java.lang.String getSharedPrefsNameByNotificationId(java.lang.String)
    public static void initialize()
    public static android.graphics.Bitmap loadBitmap()
    public static com.unity.androidnotifications.NotificationChannelWrapper notificationChannelToWrapper(java.lang.Object)
    public final void notify(android.app.Notification$Builder,int)
    public final synchronized void saveNotification()
com.unity.androidnotifications.UnityNotificationUtilities:
    public static int findResourceIdInContextByName(android.content.Context,java.lang.String)
...
com.unity3d.player.ReflectionHelper
com.unity3d.player.S
com.unity3d.player.SoftInputProvider
com.unity3d.player.T:
    static void a(java.lang.String)
com.unity3d.player.U
com.unity3d.player.UnityCoreAssetPacksStatusCallbacks
com.unity3d.player.UnityPermissions$ModalWaitForPermissionResponse
com.unity3d.player.UnityPermissions
com.unity3d.player.UnityPlayer$SynchronizationTimeout
com.unity3d.player.UnityPlayer:
    private static final java.lang.String ARCORE_ENABLE_METADATA_NAME
    private static final java.lang.String AUTO_REPORT_FULLY_DRAWN_ENABLE_METADATA_NAME
    private static final java.lang.String LAUNCH_FULLSCREEN
    private static final int RUN_STATE_CHANGED_MSG_CODE
    private static final java.lang.String SPLASH_ENABLE_METADATA_NAME
    private static final java.lang.String SPLASH_MODE_METADATA_NAME
    public static android.content.Context currentContext
    private int mInitialScreenOrientation
    private boolean mIsFullscreen
    private boolean mMainDisplayOverride
    private int mNaturalOrientation
    private android.view.OrientationEventListener mOrientationListener
    private boolean mProcessKillRequested
    private boolean mQuitting
    private com.unity3d.player.E0 mState
    private com.unity3d.player.P0 mVideoPlayerProxy
    private com.unity3d.player.GoogleARCoreApi m_ARCoreApi
    private boolean m_AddPhoneCallListener
    private com.unity3d.player.AudioVolumeHandler m_AudioVolumeHandler
    private com.unity3d.player.Camera2Wrapper m_Camera2Wrapper
    private final java.util.concurrent.ConcurrentLinkedQueue m_Events
    private com.unity3d.player.y0 m_FakeListener
    private com.unity3d.player.HFPStatus m_HFPStatus
    com.unity3d.player.C0 m_MainThread
    private com.unity3d.player.OrientationLockListener m_OrientationLockListener
    private com.unity3d.player.z0 m_PhoneCallListener
com.unity3d.player.V:
    private com.unity3d.player.a a
    private com.unity3d.player.UnityPlayer b
    private com.unity3d.player.y c
    public void <init>(android.content.Context,com.unity3d.player.UnityPlayer)
    private static java.lang.String a(android.content.Context)
    private static boolean a()
    public final void b()
com.unity3d.player.W
com.unity3d.player.X
com.unity3d.player.Y
com.unity3d.player.Z
com.unity3d.player.a.a
com.unity3d.player.a.b
com.unity3d.player.a.c
com.unity3d.player.a.d
com.unity3d.player.a.e
com.unity3d.player.a0
com.unity3d.player.a
com.unity3d.player.b
com.unity3d.player.c
com.unity3d.player.d
com.unity3d.player.e0
com.unity3d.player.e
com.unity3d.player.f0
com.unity3d.player.f
com.unity3d.player.g0
com.unity3d.player.g
com.unity3d.player.h0
com.unity3d.player.h
com.unity3d.player.i0
com.unity3d.player.i
com.unity3d.player.j0
com.unity3d.player.j
com.unity3d.player.k0
com.unity3d.player.k
com.unity3d.player.l0
com.unity3d.player.l
com.unity3d.player.m0
com.unity3d.player.m
com.unity3d.player.n0
com.unity3d.player.n
com.unity3d.player.o
com.unity3d.player.p
com.unity3d.player.q0
com.unity3d.player.q
com.unity3d.player.r0
com.unity3d.player.r
com.unity3d.player.s0
com.unity3d.player.s
com.unity3d.player.t0
com.unity3d.player.u0
com.unity3d.player.v0
com.unity3d.player.v
com.unity3d.player.w0
com.unity3d.player.w
com.unity3d.player.x0
com.unity3d.player.x
com.unity3d.player.y0
com.unity3d.player.y
com.unity3d.player.z0
com.unity3d.player.z
org.fmod.FMODAudioDevice
org.fmod.a
com.unity3d.player.E0
com.unity3d.player.F
com.unity3d.player.NetworkConnectivity:
    public final android.net.ConnectivityManager a
com.unity3d.player.NetworkConnectivityNougat:
    public int b
    public final android.net.ConnectivityManager$NetworkCallback c